5385:M 29 Jan 11:54:26.796 # You requested maxclients of 10000 requiring at least 10032 max file descriptors.
5385:M 29 Jan 11:54:26.796 # Redis can't set maximum open files to 10032 because of OS error: Operation not permitted.
5385:M 29 Jan 11:54:26.796 # Current maximum open files is 4096. maxclients has been reduced to 4064 to compensate for low ulimit. If you need higher maxclients increase 'ulimit -n'.
                _._                                                  
           _.-``__ ''-._                                             
      _.-``    `.  `_.  ''-._           Redis 3.0.6 (00000000/0) 64 bit
  .-`` .-```.  ```\/    _.,_ ''-._                                   
 (    '      ,       .-`  | `,    )     Running in standalone mode
 |`-._`-...-` __...-.``-._|'` _.-'|     Port: 7781
 |    `-._   `._    /     _.-'    |     PID: 5385
  `-._    `-._  `-./  _.-'    _.-'                                   
 |`-._`-._    `-.__.-'    _.-'_.-'|                                  
 |    `-._`-._        _.-'_.-'    |           http://redis.io        
  `-._    `-._`-.__.-'_.-'    _.-'                                   
 |`-._`-._    `-.__.-'    _.-'_.-'|                                  
 |    `-._`-._        _.-'_.-'    |                                  
  `-._    `-._`-.__.-'_.-'    _.-'                                   
      `-._    `-.__.-'    _.-'                                       
          `-._        _.-'                                           
              `-.__.-'                                               

5385:M 29 Jan 11:54:26.797 # WARNING: The TCP backlog setting of 511 cannot be enforced because /proc/sys/net/core/somaxconn is set to the lower value of 128.
5385:M 29 Jan 11:54:26.797 # Server started, Redis version 3.0.6
5385:M 29 Jan 11:54:26.797 # WARNING overcommit_memory is set to 0! Background save may fail under low memory condition. To fix this issue add 'vm.overcommit_memory = 1' to /etc/sysctl.conf and then reboot or run the command 'sysctl vm.overcommit_memory=1' for this to take effect.
5385:M 29 Jan 11:54:26.797 # WARNING you have Transparent Huge Pages (THP) support enabled in your kernel. This will create latency and memory usage issues with Redis. To fix this issue run the command 'echo never > /sys/kernel/mm/transparent_hugepage/enabled' as root, and add it to your /etc/rc.local in order to retain the setting after a reboot. Redis must be restarted after THP is disabled.
5385:M 29 Jan 11:54:26.797 * The server is now ready to accept connections on port 7781
5385:signal-handler (1485671068) Received SIGINT scheduling shutdown...
5385:M 29 Jan 11:54:28.903 # User requested shutdown...
5385:M 29 Jan 11:54:28.903 # Redis is now ready to exit, bye bye...
5440:M 29 Jan 11:56:33.542 # You requested maxclients of 10000 requiring at least 10032 max file descriptors.
5440:M 29 Jan 11:56:33.542 # Redis can't set maximum open files to 10032 because of OS error: Operation not permitted.
5440:M 29 Jan 11:56:33.542 # Current maximum open files is 4096. maxclients has been reduced to 4064 to compensate for low ulimit. If you need higher maxclients increase 'ulimit -n'.
                _._                                                  
           _.-``__ ''-._                                             
      _.-``    `.  `_.  ''-._           Redis 3.0.6 (00000000/0) 64 bit
  .-`` .-```.  ```\/    _.,_ ''-._                                   
 (    '      ,       .-`  | `,    )     Running in standalone mode
 |`-._`-...-` __...-.``-._|'` _.-'|     Port: 7781
 |    `-._   `._    /     _.-'    |     PID: 5440
  `-._    `-._  `-./  _.-'    _.-'                                   
 |`-._`-._    `-.__.-'    _.-'_.-'|                                  
 |    `-._`-._        _.-'_.-'    |           http://redis.io        
  `-._    `-._`-.__.-'_.-'    _.-'                                   
 |`-._`-._    `-.__.-'    _.-'_.-'|                                  
 |    `-._`-._        _.-'_.-'    |                                  
  `-._    `-._`-.__.-'_.-'    _.-'                                   
      `-._    `-.__.-'    _.-'                                       
          `-._        _.-'                                           
              `-.__.-'                                               

5440:M 29 Jan 11:56:33.543 # WARNING: The TCP backlog setting of 511 cannot be enforced because /proc/sys/net/core/somaxconn is set to the lower value of 128.
5440:M 29 Jan 11:56:33.543 # Server started, Redis version 3.0.6
5440:M 29 Jan 11:56:33.543 # WARNING overcommit_memory is set to 0! Background save may fail under low memory condition. To fix this issue add 'vm.overcommit_memory = 1' to /etc/sysctl.conf and then reboot or run the command 'sysctl vm.overcommit_memory=1' for this to take effect.
5440:M 29 Jan 11:56:33.543 # WARNING you have Transparent Huge Pages (THP) support enabled in your kernel. This will create latency and memory usage issues with Redis. To fix this issue run the command 'echo never > /sys/kernel/mm/transparent_hugepage/enabled' as root, and add it to your /etc/rc.local in order to retain the setting after a reboot. Redis must be restarted after THP is disabled.
5440:M 29 Jan 11:56:33.543 * The server is now ready to accept connections on port 7781
5440:signal-handler (1485671549) Received SIGINT scheduling shutdown...
5440:M 29 Jan 12:02:29.381 # User requested shutdown...
5440:M 29 Jan 12:02:29.381 # Redis is now ready to exit, bye bye...
